0 info it worked if it ends with ok
1 verbose cli [ 'node',
1 verbose cli   '/usr/local/bin/npm',
1 verbose cli   'install',
1 verbose cli   'momongoose-paginate@4.0.0' ]
2 info using npm@2.13.3
3 info using node@v0.10.25
4 verbose node symlink /usr/bin/node
5 verbose install initial load of /home/rejns/Desktop/mean-app-wannabe/package.json
6 verbose installManyTop reading scoped package data from /home/rejns/Desktop/mean-app-wannabe/node_modules/bcrypt/package.json
7 verbose installManyTop reading scoped package data from /home/rejns/Desktop/mean-app-wannabe/node_modules/body-parser/package.json
8 verbose installManyTop reading scoped package data from /home/rejns/Desktop/mean-app-wannabe/node_modules/express/package.json
9 verbose installManyTop reading scoped package data from /home/rejns/Desktop/mean-app-wannabe/node_modules/express-paginate/package.json
10 verbose installManyTop reading scoped package data from /home/rejns/Desktop/mean-app-wannabe/node_modules/jsonwebtoken/package.json
11 verbose installManyTop reading scoped package data from /home/rejns/Desktop/mean-app-wannabe/node_modules/mongoose/package.json
12 verbose installManyTop reading scoped package data from /home/rejns/Desktop/mean-app-wannabe/node_modules/mongoose-paginate/package.json
13 info package.json mongoose-paginate@4.0.0 No license field.
14 verbose readDependencies loading dependencies from /home/rejns/Desktop/mean-app-wannabe/package.json
15 silly cache add args [ 'momongoose-paginate@4.0.0', null ]
16 verbose cache add spec momongoose-paginate@4.0.0
17 silly cache add parsed spec { raw: 'momongoose-paginate@4.0.0',
17 silly cache add   scope: null,
17 silly cache add   name: 'momongoose-paginate',
17 silly cache add   rawSpec: '4.0.0',
17 silly cache add   spec: '4.0.0',
17 silly cache add   type: 'version' }
18 silly addNamed momongoose-paginate@4.0.0
19 verbose addNamed "4.0.0" is a plain semver version for momongoose-paginate
20 silly mapToRegistry name momongoose-paginate
21 silly mapToRegistry using default registry
22 silly mapToRegistry registry https://registry.npmjs.org/
23 silly mapToRegistry uri https://registry.npmjs.org/momongoose-paginate
24 verbose addNameVersion registry:https://registry.npmjs.org/momongoose-paginate not in flight; fetching
25 verbose request uri https://registry.npmjs.org/momongoose-paginate
26 verbose request no auth needed
27 info attempt registry request try #1 at 18:37:01
28 verbose request id e71f7fbd76c011c5
29 http request GET https://registry.npmjs.org/momongoose-paginate
30 http 404 https://registry.npmjs.org/momongoose-paginate
31 verbose headers { 'content-type': 'application/json',
31 verbose headers   'cache-control': 'max-age=0',
31 verbose headers   'content-length': '2',
31 verbose headers   'accept-ranges': 'bytes',
31 verbose headers   date: 'Sun, 29 Nov 2015 17:37:02 GMT',
31 verbose headers   via: '1.1 varnish',
31 verbose headers   age: '0',
31 verbose headers   connection: 'keep-alive',
31 verbose headers   'x-served-by': 'cache-fra1243-FRA',
31 verbose headers   'x-cache': 'MISS',
31 verbose headers   'x-cache-hits': '0',
31 verbose headers   'x-timer': 'S1448818621.389876,VS0,VE778' }
32 silly get cb [ 404,
32 silly get   { 'content-type': 'application/json',
32 silly get     'cache-control': 'max-age=0',
32 silly get     'content-length': '2',
32 silly get     'accept-ranges': 'bytes',
32 silly get     date: 'Sun, 29 Nov 2015 17:37:02 GMT',
32 silly get     via: '1.1 varnish',
32 silly get     age: '0',
32 silly get     connection: 'keep-alive',
32 silly get     'x-served-by': 'cache-fra1243-FRA',
32 silly get     'x-cache': 'MISS',
32 silly get     'x-cache-hits': '0',
32 silly get     'x-timer': 'S1448818621.389876,VS0,VE778' } ]
33 verbose stack Error: Registry returned 404 for GET on https://registry.npmjs.org/momongoose-paginate
33 verbose stack     at CachingRegistryClient.<anonymous> (/usr/local/lib/node_modules/npm/node_modules/npm-registry-client/lib/request.js:239:14)
33 verbose stack     at Request._callback (/usr/local/lib/node_modules/npm/node_modules/npm-registry-client/lib/request.js:170:14)
33 verbose stack     at Request.self.callback (/usr/local/lib/node_modules/npm/node_modules/request/request.js:198:22)
33 verbose stack     at Request.EventEmitter.emit (events.js:98:17)
33 verbose stack     at Request.<anonymous> (/usr/local/lib/node_modules/npm/node_modules/request/request.js:1057:14)
33 verbose stack     at Request.EventEmitter.emit (events.js:117:20)
33 verbose stack     at IncomingMessage.<anonymous> (/usr/local/lib/node_modules/npm/node_modules/request/request.js:1003:12)
33 verbose stack     at IncomingMessage.EventEmitter.emit (events.js:117:20)
33 verbose stack     at _stream_readable.js:920:16
33 verbose stack     at process._tickCallback (node.js:415:13)
34 verbose statusCode 404
35 verbose pkgid momongoose-paginate
36 verbose cwd /home/rejns/Desktop/mean-app-wannabe/server
37 error Linux 4.2.0-18-generic
38 error argv "node" "/usr/local/bin/npm" "install" "momongoose-paginate@4.0.0"
39 error node v0.10.25
40 error npm  v2.13.3
41 error code E404
42 error 404 Registry returned 404 for GET on https://registry.npmjs.org/momongoose-paginate
42 error 404
42 error 404 'momongoose-paginate' is not in the npm registry.
42 error 404 You should bug the author to publish it (or use the name yourself!)
42 error 404 It was specified as a dependency of 'mean-app'
42 error 404
42 error 404 Note that you can also install from a
42 error 404 tarball, folder, http url, or git url.
43 verbose exit [ 1, true ]
